#
# There is insufficient memory for the Java Runtime Environment to continue.
# Native memory allocation (malloc) failed to allocate 677056 bytes for Chunk::new
# Possible reasons:
#   The system is out of physical RAM or swap space
#   The process is running with CompressedOops enabled, and the Java Heap may be blocking the growth of the native heap
# Possible solutions:
#   Reduce memory load on the system
#   Increase physical memory or swap space
#   Check if swap backing store is full
#   Decrease Java heap size (-Xmx/-Xms)
#   Decrease number of Java threads
#   Decrease Java thread stack sizes (-Xss)
#   Set larger code cache with -XX:ReservedCodeCacheSize=
#   JVM is running with Unscaled Compressed Oops mode in which the Java heap is
#     placed in the first 4GB address space. The Java Heap base address is the
#     maximum limit for the native heap growth. Please use -XX:HeapBaseMinAddress
#     to set the Java Heap base and to place the Java Heap above 4GB virtual address.
# This output file may be truncated or incomplete.
#
#  Out of Memory Error (allocation.cpp:389), pid=13024, tid=0x0000000000003998
#
# JRE version: OpenJDK Runtime Environment (8.0_202-b03) (build 1.8.0_202-release-1483-b03)
# Java VM: OpenJDK 64-Bit Server VM (25.202-b03 mixed mode windows-amd64 compressed oops)
# Failed to write core dump. Minidumps are not enabled by default on client versions of Windows
#

---------------  T H R E A D  ---------------

Current thread (0x000000001748a800):  JavaThread "C2 CompilerThread1" daemon [_thread_in_native, id=14744, stack(0x0000000017b80000,0x0000000017c80000)]

Stack: [0x0000000017b80000,0x0000000017c80000]
[error occurred during error reporting (printing stack bounds), id 0xc0000005]

Native frames: (J=compiled Java code, j=interpreted, Vv=VM code, C=native code)


Current CompileTask:
C2:3503625 16277       4       com.android.tools.r8.ir.regalloc.LinearScanRegisterAllocator::allocateSingleInterval (797 bytes)


---------------  P R O C E S S  ---------------

Java Threads: ( => current thread )
  0x0000000020fa0800 JavaThread "ForkJoinPool-16-worker-1" daemon [_thread_in_native, id=13684, stack(0x0000000026dc0000,0x0000000026ec0000)]
  0x0000000020f9f800 JavaThread "ForkJoinPool.commonPool-worker-0" daemon [_thread_blocked, id=8076, stack(0x0000000026cc0000,0x0000000026dc0000)]
  0x0000000018719000 JavaThread "ForkJoinPool.commonPool-worker-3" daemon [_thread_blocked, id=11724, stack(0x0000000026bc0000,0x0000000026cc0000)]
  0x0000000018717800 JavaThread "ForkJoinPool.commonPool-worker-2" daemon [_thread_blocked, id=9352, stack(0x0000000026ac0000,0x0000000026bc0000)]
  0x0000000019b7e800 JavaThread "Cache worker for Java compile cache (E:\kl\new\kelinsite\.gradle\5.4.1\javaCompile)" [_thread_blocked, id=15208, stack(0x00000000269c0000,0x0000000026ac0000)]
  0x0000000019b7c000 JavaThread "Cache worker for Java compile cache (C:\Users\Administrator\.gradle\caches\5.4.1\javaCompile)" [_thread_blocked, id=13260, stack(0x00000000268c0000,0x00000000269c0000)]
  0x0000000019b7d000 JavaThread "stdout" [_thread_in_native, id=13816, stack(0x00000000267c0000,0x00000000268c0000)]
  0x0000000019b76000 JavaThread "stderr" [_thread_in_native, id=13120, stack(0x00000000266c0000,0x00000000267c0000)]
  0x0000000019b78800 JavaThread "pool-6-thread-1" [_thread_blocked, id=1576, stack(0x00000000265c0000,0x00000000266c0000)]
  0x0000000019b74000 JavaThread "Cache worker for execution history cache (E:\kl\new\kelinsite\.gradle\5.4.1\executionHistory)" [_thread_blocked, id=14224, stack(0x00000000264c0000,0x00000000265c0000)]
  0x0000000019b7a800 JavaThread "Execution worker for ':' Thread 3" [_thread_blocked, id=8620, stack(0x00000000263c0000,0x00000000264c0000)]
  0x000000001d635800 JavaThread "Execution worker for ':' Thread 2" [_thread_blocked, id=14400, stack(0x00000000262c0000,0x00000000263c0000)]
  0x000000001d639000 JavaThread "Execution worker for ':'" [_thread_blocked, id=13920, stack(0x00000000261c0000,0x00000000262c0000)]
  0x000000001d636000 JavaThread "Cache worker for file content cache (E:\kl\new\kelinsite\.gradle\5.4.1\fileContent)" [_thread_blocked, id=13724, stack(0x00000000260c0000,0x00000000261c0000)]
  0x000000001d637000 JavaThread "Cache worker for file content cache (C:\Users\Administrator\.gradle\caches\5.4.1\fileContent)" [_thread_blocked, id=13712, stack(0x0000000025fc0000,0x00000000260c0000)]
  0x000000001d634000 JavaThread "Cache worker for Build Output Cleanup Cache (E:\kl\new\kelinsite\.gradle\buildOutputCleanup)" [_thread_blocked, id=15204, stack(0x0000000025ec0000,0x0000000025fc0000)]
  0x000000001d637800 JavaThread "Build operations Thread 4" [_thread_blocked, id=8276, stack(0x0000000025dc0000,0x0000000025ec0000)]
  0x000000001d638800 JavaThread "Build operations Thread 3" [_thread_blocked, id=15108, stack(0x0000000025cc0000,0x0000000025dc0000)]
  0x000000001d62c800 JavaThread "Build operations Thread 2" [_thread_blocked, id=13908, stack(0x0000000025bc0000,0x0000000025cc0000)]
  0x000000001d632800 JavaThread "Build operations" [_thread_blocked, id=4736, stack(0x0000000025ac0000,0x0000000025bc0000)]
  0x000000001d631800 JavaThread "Cache worker for cache directory md-rule (C:\Users\Administrator\.gradle\caches\5.4.1\md-rule)" [_thread_blocked, id=13116, stack(0x00000000259c0000,0x0000000025ac0000)]
  0x000000001d633000 JavaThread "Cache worker for cache directory md-supplier (C:\Users\Administrator\.gradle\caches\5.4.1\md-supplier)" [_thread_blocked, id=15136, stack(0x00000000258c0000,0x00000000259c0000)]
  0x000000001d62b800 JavaThread "Cache worker for file hash cache (E:\kl\new\kelinsite\.gradle\5.4.1\fileHashes)" [_thread_blocked, id=12568, stack(0x00000000257c0000,0x00000000258c0000)]
  0x000000001d62a000 JavaThread "Thread-50" [_thread_blocked, id=8920, stack(0x00000000256c0000,0x00000000257c0000)]
  0x000000001d62e000 JavaThread "Stdin handler" [_thread_blocked, id=13292, stack(0x00000000255c0000,0x00000000256c0000)]
  0x000000001d630000 JavaThread "Asynchronous log dispatcher for DefaultDaemonConnection: socket connection from /127.0.0.1:4152 to /127.0.0.1:4998" [_thread_blocked, id=14612, stack(0x00000000254c0000,0x00000000255c0000)]
  0x000000001d62b000 JavaThread "Daemon worker Thread 2" [_thread_blocked, id=10088, stack(0x00000000253c0000,0x00000000254c0000)]
  0x000000001d62d000 JavaThread "Cancel handler" [_thread_blocked, id=14064, stack(0x00000000252c0000,0x00000000253c0000)]
  0x000000001d631000 JavaThread "Handler for socket connection from /127.0.0.1:4152 to /127.0.0.1:4998" [_thread_in_native, id=15080, stack(0x00000000251c0000,0x00000000252c0000)]
  0x000000001d62f800 JavaThread "Daemon Thread 2" [_thread_blocked, id=7868, stack(0x00000000250c0000,0x00000000251c0000)]
  0x0000000019b74800 JavaThread "pool-1-thread-1" [_thread_blocked, id=15052, stack(0x00000000236c0000,0x00000000237c0000)]
  0x0000000019b80000 JavaThread "Memory manager" [_thread_blocked, id=14664, stack(0x00000000214c0000,0x00000000215c0000)]
  0x0000000019b77000 JavaThread "Cache worker for execution history cache (C:\Users\Administrator\.gradle\caches\5.4.1\executionHistory)" [_thread_blocked, id=14340, stack(0x000000001e8f0000,0x000000001e9f0000)]
  0x0000000018713800 JavaThread "Cache worker for journal cache (C:\Users\Administrator\.gradle\caches\journal-1)" [_thread_blocked, id=8108, stack(0x000000001b800000,0x000000001b900000)]
  0x000000001871a800 JavaThread "File lock request listener" [_thread_in_native, id=13964, stack(0x000000001b700000,0x000000001b800000)]
  0x000000001945d000 JavaThread "Cache worker for file hash cache (C:\Users\Administrator\.gradle\caches\5.4.1\fileHashes)" [_thread_blocked, id=14016, stack(0x000000001b600000,0x000000001b700000)]
  0x0000000018a08000 JavaThread "Daemon periodic checks" [_thread_blocked, id=4484, stack(0x000000001ac00000,0x000000001ad00000)]
  0x000000001772b000 JavaThread "Incoming local TCP Connector on port 4152" [_thread_in_native, id=8772, stack(0x000000001aa60000,0x000000001ab60000)]
  0x0000000019709000 JavaThread "Daemon health stats" [_thread_blocked, id=6756, stack(0x000000001a740000,0x000000001a840000)]
  0x0000000017506800 JavaThread "Service Thread" daemon [_thread_blocked, id=1808, stack(0x0000000017d80000,0x0000000017e80000)]
  0x000000001618b800 JavaThread "C1 CompilerThread2" daemon [_thread_blocked, id=13848, stack(0x0000000017c80000,0x0000000017d80000)]
=>0x000000001748a800 JavaThread "C2 CompilerThread1" daemon [_thread_in_native, id=14744, stack(0x0000000017b80000,0x0000000017c80000)]
  0x0000000016189000 JavaThread "C2 CompilerThread0" daemon [_thread_blocked, id=14916, stack(0x0000000017a80000,0x0000000017b80000)]
  0x000000001613e000 JavaThread "Attach Listener" daemon [_thread_blocked, id=15144, stack(0x0000000017980000,0x0000000017a80000)]
  0x000000001613d000 JavaThread "Signal Dispatcher" daemon [_thread_blocked, id=14900, stack(0x0000000017880000,0x0000000017980000)]
  0x00000000027bb000 JavaThread "Finalizer" daemon [_thread_blocked, id=8404, stack(0x0000000017380000,0x0000000017480000)]
  0x0000000016119000 JavaThread "Reference Handler" daemon [_thread_blocked, id=2084, stack(0x0000000017280000,0x0000000017380000)]
  0x00000000025be000 JavaThread "main" [_thread_blocked, id=10032, stack(0x00000000025c0000,0x00000000026c0000)]

Other Threads:
  0x00000000160f7000 VMThread [stack: 0x0000000017180000,0x0000000017280000] [id=13624]
  0x0000000017511000 WatcherThread [stack: 0x0000000017e80000,0x0000000017f80000] [id=9588]

VM state:not at safepoint (normal execution)

VM Mutex/Monitor currently owned by a thread: None

heap address: 0x00000000a0000000, size: 1536 MB, Compressed Oops mode: 32-bit
Narrow klass base: 0x0000000000000000, Narrow klass shift: 3
Compressed class space size: 1073741824 Address: 0x0000000100000000

Heap:
 PSYoungGen      total 311808K, used 221772K [0x00000000e0000000, 0x00000000f9100000, 0x0000000100000000)
  eden space 270336K, 82% used [0x00000000e0000000,0x00000000ed893128,0x00000000f0800000)
  from space 41472K, 0% used [0x00000000f0800000,0x00000000f0800000,0x00000000f3080000)
  to   space 41984K, 0% used [0x00000000f6800000,0x00000000f6800000,0x00000000f9100000)
 ParOldGen       total 156160K, used 53375K [0x00000000a0000000, 0x00000000a9880000, 0x00000000e0000000)
  object space 156160K, 34% used [0x00000000a0000000,0x00000000a341fca0,0x00000000a9880000)
 Metaspace       used 103906K, capacity 107220K, committed 107864K, reserved 1142784K
  class space    used 12907K, capacity 13611K, committed 13696K, reserved 1048576K

Card table byte_map: [0x0000000011b80000,0x0000000011e90000] byte_map_base: 0x0000000011680000

Marking Bits: (ParMarkBitMap*) 0x00000000739d9f30
 Begin Bits: [0x0000000012490000, 0x0000000013c90000)
 End Bits:   [0x0000000013c90000, 0x0000000015490000)

Polling page: 0x00000000021a0000

CodeCache: size=245760Kb used=46947Kb max_used=46947Kb free=198812Kb
 bounds [0x00000000027c0000, 0x00000000055e0000, 0x00000000117c0000]
 total_blobs=14919 nmethods=14005 adapters=826
 compilation: enabled

Compilation events (10 events):
Event: 3502.974 Thread 0x000000001618b800 16692       1       com.android.tools.r8.BaseCommand$Builder::getAppBuilder (5 bytes)
Event: 3502.974 Thread 0x000000001618b800 nmethod 16692 0x00000000055c6250 code [0x00000000055c63a0, 0x00000000055c64b0]
Event: 3502.974 Thread 0x000000001618b800 16693       1       com.android.builder.dexing.DexArchiveEntry::getDexFileContent (5 bytes)
Event: 3502.974 Thread 0x000000001618b800 nmethod 16693 0x00000000055cc810 code [0x00000000055cc960, 0x00000000055cca70]
Event: 3502.974 Thread 0x000000001618b800 16694       1       com.android.builder.dexing.DexArchiveEntry::getDexArchive (5 bytes)
Event: 3502.974 Thread 0x000000001618b800 nmethod 16694 0x00000000055cc550 code [0x00000000055cc6a0, 0x00000000055cc7b0]
Event: 3502.974 Thread 0x000000001618b800 16695       1       com.android.builder.dexing.DexArchiveEntry::getRelativePathInArchive (5 bytes)
Event: 3502.974 Thread 0x000000001618b800 nmethod 16695 0x00000000055cfcd0 code [0x00000000055cfe20, 0x00000000055cff30]
Event: 3502.978 Thread 0x000000001618b800 16696       3       com.android.tools.r8.origin.Origin::<init> (28 bytes)
Event: 3502.978 Thread 0x000000001618b800 nmethod 16696 0x00000000055cf8d0 code [0x00000000055cfa40, 0x00000000055cfc10]

GC Heap History (10 events):
Event: 3467.284 GC heap before
{Heap before GC invocations=19 (full 3):
 PSYoungGen      total 241152K, used 241130K [0x00000000e0000000, 0x00000000f2f00000, 0x0000000100000000)
  eden space 224768K, 100% used [0x00000000e0000000,0x00000000edb80000,0x00000000edb80000)
  from space 16384K, 99% used [0x00000000edb80000,0x00000000eeb7a888,0x00000000eeb80000)
  to   space 23040K, 0% used [0x00000000f1880000,0x00000000f1880000,0x00000000f2f00000)
 ParOldGen       total 115200K, used 47208K [0x00000000a0000000, 0x00000000a7080000, 0x00000000e0000000)
  object space 115200K, 40% used [0x00000000a0000000,0x00000000a2e1a2d8,0x00000000a7080000)
 Metaspace       used 71807K, capacity 74836K, committed 75224K, reserved 1114112K
  class space    used 9284K, capacity 9887K, committed 9984K, reserved 1048576K
Event: 3467.360 GC heap after
Heap after GC invocations=19 (full 3):
 PSYoungGen      total 287744K, used 12188K [0x00000000e0000000, 0x00000000f3280000, 0x0000000100000000)
  eden space 264704K, 0% used [0x00000000e0000000,0x00000000e0000000,0x00000000f0280000)
  from space 23040K, 52% used [0x00000000f1880000,0x00000000f2467090,0x00000000f2f00000)
  to   space 22528K, 0% used [0x00000000f0280000,0x00000000f0280000,0x00000000f1880000)
 ParOldGen       total 115200K, used 47844K [0x00000000a0000000, 0x00000000a7080000, 0x00000000e0000000)
  object space 115200K, 41% used [0x00000000a0000000,0x00000000a2eb9340,0x00000000a7080000)
 Metaspace       used 71807K, capacity 74836K, committed 75224K, reserved 1114112K
  class space    used 9284K, capacity 9887K, committed 9984K, reserved 1048576K
}
Event: 3477.274 GC heap before
{Heap before GC invocations=20 (full 3):
 PSYoungGen      total 287744K, used 276892K [0x00000000e0000000, 0x00000000f3280000, 0x0000000100000000)
  eden space 264704K, 100% used [0x00000000e0000000,0x00000000f0280000,0x00000000f0280000)
  from space 23040K, 52% used [0x00000000f1880000,0x00000000f2467090,0x00000000f2f00000)
  to   space 22528K, 0% used [0x00000000f0280000,0x00000000f0280000,0x00000000f1880000)
 ParOldGen       total 115200K, used 47844K [0x00000000a0000000, 0x00000000a7080000, 0x00000000e0000000)
  object space 115200K, 41% used [0x00000000a0000000,0x00000000a2eb9340,0x00000000a7080000)
 Metaspace       used 77740K, capacity 80920K, committed 81112K, reserved 1120256K
  class space    used 9957K, capacity 10656K, committed 10752K, reserved 1048576K
Event: 3477.315 GC heap after
Heap after GC invocations=20 (full 3):
 PSYoungGen      total 287232K, used 22496K [0x00000000e0000000, 0x00000000f5900000, 0x0000000100000000)
  eden space 264704K, 0% used [0x00000000e0000000,0x00000000e0000000,0x00000000f0280000)
  from space 22528K, 99% used [0x00000000f0280000,0x00000000f18783d8,0x00000000f1880000)
  to   space 29184K, 0% used [0x00000000f3c80000,0x00000000f3c80000,0x00000000f5900000)
 ParOldGen       total 115200K, used 57347K [0x00000000a0000000, 0x00000000a7080000, 0x00000000e0000000)
  object space 115200K, 49% used [0x00000000a0000000,0x00000000a3800cd8,0x00000000a7080000)
 Metaspace       used 77740K, capacity 80920K, committed 81112K, reserved 1120256K
  class space    used 9957K, capacity 10656K, committed 10752K, reserved 1048576K
}
Event: 3490.934 GC heap before
{Heap before GC invocations=21 (full 3):
 PSYoungGen      total 287232K, used 287200K [0x00000000e0000000, 0x00000000f5900000, 0x0000000100000000)
  eden space 264704K, 100% used [0x00000000e0000000,0x00000000f0280000,0x00000000f0280000)
  from space 22528K, 99% used [0x00000000f0280000,0x00000000f18783d8,0x00000000f1880000)
  to   space 29184K, 0% used [0x00000000f3c80000,0x00000000f3c80000,0x00000000f5900000)
 ParOldGen       total 115200K, used 57347K [0x00000000a0000000, 0x00000000a7080000, 0x00000000e0000000)
  object space 115200K, 49% used [0x00000000a0000000,0x00000000a3800cd8,0x00000000a7080000)
 Metaspace       used 94337K, capacity 97744K, committed 98008K, reserved 1134592K
  class space    used 11777K, capacity 12535K, committed 12544K, reserved 1048576K
Event: 3490.997 GC heap after
Heap after GC invocations=21 (full 3):
 PSYoungGen      total 283648K, used 29153K [0x00000000e0000000, 0x00000000f5900000, 0x0000000100000000)
  eden space 254464K, 0% used [0x00000000e0000000,0x00000000e0000000,0x00000000ef880000)
  from space 29184K, 99% used [0x00000000f3c80000,0x00000000f58f85e0,0x00000000f5900000)
  to   space 41472K, 0% used [0x00000000f0800000,0x00000000f0800000,0x00000000f3080000)
 ParOldGen       total 115200K, used 79452K [0x00000000a0000000, 0x00000000a7080000, 0x00000000e0000000)
  object space 115200K, 68% used [0x00000000a0000000,0x00000000a4d971a8,0x00000000a7080000)
 Metaspace       used 94337K, capacity 97744K, committed 98008K, reserved 1134592K
  class space    used 11777K, capacity 12535K, committed 12544K, reserved 1048576K
}
Event: 3491.036 GC heap before
{Heap before GC invocations=22 (full 3):
 PSYoungGen      total 283648K, used 32231K [0x00000000e0000000, 0x00000000f5900000, 0x0000000100000000)
  eden space 254464K, 1% used [0x00000000e0000000,0x00000000e0301630,0x00000000ef880000)
  from space 29184K, 99% used [0x00000000f3c80000,0x00000000f58f85e0,0x00000000f5900000)
  to   space 41472K, 0% used [0x00000000f0800000,0x00000000f0800000,0x00000000f3080000)
 ParOldGen       total 115200K, used 79452K [0x00000000a0000000, 0x00000000a7080000, 0x00000000e0000000)
  object space 115200K, 68% used [0x00000000a0000000,0x00000000a4d971a8,0x00000000a7080000)
 Metaspace       used 94844K, capacity 98212K, committed 98496K, reserved 1134592K
  class space    used 11857K, capacity 12607K, committed 12672K, reserved 1048576K
Event: 3491.050 GC heap after
Heap after GC invocations=22 (full 3):
 PSYoungGen      total 311808K, used 508K [0x00000000e0000000, 0x00000000f9100000, 0x0000000100000000)
  eden space 270336K, 0% used [0x00000000e0000000,0x00000000e0000000,0x00000000f0800000)
  from space 41472K, 1% used [0x00000000f0800000,0x00000000f087f0f8,0x00000000f3080000)
  to   space 41984K, 0% used [0x00000000f6800000,0x00000000f6800000,0x00000000f9100000)
 ParOldGen       total 115200K, used 91808K [0x00000000a0000000, 0x00000000a7080000, 0x00000000e0000000)
  object space 115200K, 79% used [0x00000000a0000000,0x00000000a59a8398,0x00000000a7080000)
 Metaspace       used 94844K, capacity 98212K, committed 98496K, reserved 1134592K
  class space    used 11857K, capacity 12607K, committed 12672K, reserved 1048576K
}
Event: 3491.050 GC heap before
{Heap before GC invocations=23 (full 4):
 PSYoungGen      total 311808K, used 508K [0x00000000e0000000, 0x00000000f9100000, 0x0000000100000000)
  eden space 270336K, 0% used [0x00000000e0000000,0x00000000e0000000,0x00000000f0800000)
  from space 41472K, 1% used [0x00000000f0800000,0x00000000f087f0f8,0x00000000f3080000)
  to   space 41984K, 0% used [0x00000000f6800000,0x00000000f6800000,0x00000000f9100000)
 ParOldGen       total 115200K, used 91808K [0x00000000a0000000, 0x00000000a7080000, 0x00000000e0000000)
  object space 115200K, 79% used [0x00000000a0000000,0x00000000a59a8398,0x00000000a7080000)
 Metaspace       used 94844K, capacity 98212K, committed 98496K, reserved 1134592K
  class space    used 11857K, capacity 12607K, committed 12672K, reserved 1048576K
Event: 3491.322 GC heap after
Heap after GC invocations=23 (full 4):
 PSYoungGen      total 311808K, used 0K [0x00000000e0000000, 0x00000000f9100000, 0x0000000100000000)
  eden space 270336K, 0% used [0x00000000e0000000,0x00000000e0000000,0x00000000f0800000)
  from space 41472K, 0% used [0x00000000f0800000,0x00000000f0800000,0x00000000f3080000)
  to   space 41984K, 0% used [0x00000000f6800000,0x00000000f6800000,0x00000000f9100000)
 ParOldGen       total 156160K, used 53375K [0x00000000a0000000, 0x00000000a9880000, 0x00000000e0000000)
  object space 156160K, 34% used [0x00000000a0000000,0x00000000a341fca0,0x00000000a9880000)
 Metaspace       used 93550K, capacity 95952K, committed 98496K, reserved 1134592K
  class space    used 11622K, capacity 12178K, committed 12672K, reserved 1048576K
}

Deoptimization events (10 events):
Event: 3502.557 Thread 0x0000000018719000 Uncommon trap: reason=array_check action=maybe_recompile pc=0x000000000484b414 method=java.util.TimSort.binarySort([Ljava/lang/Object;IIILjava/util/Comparator;)V @ 193
Event: 3502.557 Thread 0x0000000018717800 Uncommon trap: reason=array_check action=maybe_recompile pc=0x000000000484b414 method=java.util.TimSort.binarySort([Ljava/lang/Object;IIILjava/util/Comparator;)V @ 193
Event: 3502.557 Thread 0x0000000018719000 Uncommon trap: reason=array_check action=maybe_recompile pc=0x000000000484b414 method=java.util.TimSort.binarySort([Ljava/lang/Object;IIILjava/util/Comparator;)V @ 193
Event: 3502.558 Thread 0x0000000018719000 Uncommon trap: reason=array_check action=maybe_recompile pc=0x000000000484b350 method=java.util.TimSort.binarySort([Ljava/lang/Object;IIILjava/util/Comparator;)V @ 215
Event: 3502.577 Thread 0x0000000018717800 Uncommon trap: reason=array_check action=maybe_recompile pc=0x000000000484b414 method=java.util.TimSort.binarySort([Ljava/lang/Object;IIILjava/util/Comparator;)V @ 193
Event: 3502.661 Thread 0x000000001d62b000 Uncommon trap: reason=bimorphic action=maybe_recompile pc=0x0000000004858320 method=org.gradle.internal.snapshot.DirectorySnapshot.accept(Lorg/gradle/internal/snapshot/FileSystemSnapshotVisitor;)V @ 52
Event: 3502.661 Thread 0x000000001d62b000 Uncommon trap: reason=bimorphic action=maybe_recompile pc=0x0000000004858320 method=org.gradle.internal.snapshot.DirectorySnapshot.accept(Lorg/gradle/internal/snapshot/FileSystemSnapshotVisitor;)V @ 52
Event: 3502.661 Thread 0x000000001d62b000 Uncommon trap: reason=bimorphic action=maybe_recompile pc=0x0000000004858320 method=org.gradle.internal.snapshot.DirectorySnapshot.accept(Lorg/gradle/internal/snapshot/FileSystemSnapshotVisitor;)V @ 52
Event: 3502.665 Thread 0x000000001d62b000 Uncommon trap: reason=bimorphic action=maybe_recompile pc=0x0000000004858320 method=org.gradle.internal.snapshot.DirectorySnapshot.accept(Lorg/gradle/internal/snapshot/FileSystemSnapshotVisitor;)V @ 52
Event: 3502.720 Thread 0x000000001d62b000 Uncommon trap: reason=unstable_if action=reinterpret pc=0x00000000049080e8 method=org.gradle.internal.snapshot.impl.DirectorySnapshotter$1.visitFile(Ljava/nio/file/Path;Ljava/nio/file/attribute/BasicFileAttributes;)Ljava/nio/file/FileVisitResult; @ 37

Classes redefined (0 events):
No events

Internal exceptions (10 events):
Event: 3499.251 Thread 0x0000000018717800 Exception <a 'sun/nio/fs/WindowsException'> (0x00000000e98e6598) thrown at [D:\src\AOSP-openjdk-cygwin\jdk8u\hotspot\src\share\vm\prims\jni.cpp, line 710]
Event: 3499.252 Thread 0x0000000018719000 Exception <a 'sun/nio/fs/WindowsException'> (0x00000000e989f188) thrown at [D:\src\AOSP-openjdk-cygwin\jdk8u\hotspot\src\share\vm\prims\jni.cpp, line 710]
Event: 3502.548 Thread 0x0000000018717800 Exception <a 'sun/nio/fs/WindowsException'> (0x00000000ecd0cf20) thrown at [D:\src\AOSP-openjdk-cygwin\jdk8u\hotspot\src\share\vm\prims\jni.cpp, line 710]
Event: 3502.548 Thread 0x0000000018719000 Exception <a 'sun/nio/fs/WindowsException'> (0x00000000eccd0860) thrown at [D:\src\AOSP-openjdk-cygwin\jdk8u\hotspot\src\share\vm\prims\jni.cpp, line 710]
Event: 3502.558 Thread 0x0000000018717800 Exception <a 'sun/nio/fs/WindowsException'> (0x00000000ecd11d78) thrown at [D:\src\AOSP-openjdk-cygwin\jdk8u\hotspot\src\share\vm\prims\jni.cpp, line 710]
Event: 3502.562 Thread 0x0000000018719000 Exception <a 'sun/nio/fs/WindowsException'> (0x00000000ece01890) thrown at [D:\src\AOSP-openjdk-cygwin\jdk8u\hotspot\src\share\vm\prims\jni.cpp, line 710]
Event: 3502.570 Thread 0x0000000018717800 Exception <a 'sun/nio/fs/WindowsException'> (0x00000000ecd17f50) thrown at [D:\src\AOSP-openjdk-cygwin\jdk8u\hotspot\src\share\vm\prims\jni.cpp, line 710]
Event: 3502.572 Thread 0x0000000018719000 Exception <a 'sun/nio/fs/WindowsException'> (0x00000000ece47f10) thrown at [D:\src\AOSP-openjdk-cygwin\jdk8u\hotspot\src\share\vm\prims\jni.cpp, line 710]
Event: 3502.581 Thread 0x0000000018719000 Exception <a 'sun/nio/fs/WindowsException'> (0x00000000ece4ed20) thrown at [D:\src\AOSP-openjdk-cygwin\jdk8u\hotspot\src\share\vm\prims\jni.cpp, line 710]
Event: 3502.581 Thread 0x0000000018717800 Exception <a 'sun/nio/fs/WindowsException'> (0x00000000ecd239e0) thrown at [D:\src\AOSP-openjdk-cygwin\jdk8u\hotspot\src\share\vm\prims\jni.cpp, line 710]

Events (10 events):
Event: 3502.748 loading class com/android/builder/dexing/DexArchive
Event: 3502.748 loading class com/android/builder/dexing/DexArchive done
Event: 3502.748 loading class com/android/builder/dexing/DirDexArchive
Event: 3502.748 loading class com/android/builder/dexing/DirDexArchive done
Event: 3502.751 loading class com/android/builder/dexing/DexArchiveEntry
Event: 3502.751 loading class com/android/builder/dexing/DexArchiveEntry done
Event: 3502.967 loading class com/android/tools/r8/origin/Origin
Event: 3502.968 loading class com/android/tools/r8/origin/Origin done
Event: 3502.968 loading class com/android/tools/r8/D8Command$Builder
Event: 3502.968 loading class com/android/tools/r8/D8Command$Builder done


Dynamic libraries:
0x00007ff6fa6c0000 - 0x00007ff6fa6f1000 	D:\软件\开发相关软件\Android\Android\AndroidStudio\jre\bin\java.exe
0x00007fffb89d0000 - 0x00007fffb8ba0000 	C:\windows\SYSTEM32\ntdll.dll
0x00007fffb6510000 - 0x00007fffb65bc000 	C:\windows\System32\KERNEL32.DLL
0x00007fffb56e0000 - 0x00007fffb58fd000 	C:\windows\System32\KERNELBASE.dll
0x00007fffb6460000 - 0x00007fffb6502000 	C:\windows\System32\ADVAPI32.dll
0x00007fffb61d0000 - 0x00007fffb626e000 	C:\windows\System32\msvcrt.dll
0x00007fffb63b0000 - 0x00007fffb6409000 	C:\windows\System32\sechost.dll
0x00007fffb6610000 - 0x00007fffb6731000 	C:\windows\System32\RPCRT4.dll
0x00007fffb68b0000 - 0x00007fffb6a15000 	C:\windows\System32\USER32.dll
0x00007fffb5640000 - 0x00007fffb565e000 	C:\windows\System32\win32u.dll
0x00007fffb6420000 - 0x00007fffb6454000 	C:\windows\System32\GDI32.dll
0x00007fffb4d70000 - 0x00007fffb4ef1000 	C:\windows\System32\gdi32full.dll
0x00007fffad470000 - 0x00007fffad6ea000 	C:\windows\WinSxS\amd64_microsoft.windows.common-controls_6595b64144ccf1df_6.0.14393.3053_none_7de042968342015d\COMCTL32.dll
0x00007fffb8140000 - 0x00007fffb8405000 	C:\windows\System32\combase.dll
0x00007fffb4c70000 - 0x00007fffb4d64000 	C:\windows\System32\ucrtbase.dll
0x00007fffb5a00000 - 0x00007fffb5a6a000 	C:\windows\System32\bcryptPrimitives.dll
0x00007fffb65c0000 - 0x00007fffb65ee000 	C:\windows\System32\IMM32.DLL
0x0000000073050000 - 0x0000000073122000 	D:\软件\开发相关软件\Android\Android\AndroidStudio\jre\jre\bin\msvcr100.dll
0x0000000073210000 - 0x0000000073a56000 	D:\软件\开发相关软件\Android\Android\AndroidStudio\jre\jre\bin\server\jvm.dll
0x00007fffb5660000 - 0x00007fffb5683000 	C:\windows\System32\WINMM.dll
0x00007fffb4c20000 - 0x00007fffb4c4b000 	C:\windows\System32\WINMMBASE.dll
0x00007fffb5690000 - 0x00007fffb56d2000 	C:\windows\System32\cfgmgr32.dll
0x00007fffaceb0000 - 0x00007fffaceb9000 	C:\windows\SYSTEM32\WSOCK32.dll
0x00007fffb6410000 - 0x00007fffb6418000 	C:\windows\System32\PSAPI.DLL
0x00007fffb4870000 - 0x00007fffb487a000 	C:\windows\SYSTEM32\VERSION.dll
0x00007fffb7f30000 - 0x00007fffb7f9a000 	C:\windows\System32\WS2_32.dll
0x00007fffa80f0000 - 0x00007fffa80ff000 	D:\软件\开发相关软件\Android\Android\AndroidStudio\jre\jre\bin\verify.dll
0x00007fffa8070000 - 0x00007fffa8099000 	D:\软件\开发相关软件\Android\Android\AndroidStudio\jre\jre\bin\java.dll
0x00007fffa8050000 - 0x00007fffa8066000 	D:\软件\开发相关软件\Android\Android\AndroidStudio\jre\jre\bin\zip.dll
0x00007fffb6a20000 - 0x00007fffb7f25000 	C:\windows\System32\SHELL32.dll
0x00007fffb4f00000 - 0x00007fffb55da000 	C:\windows\System32\windows.storage.dll
0x00007fffb55f0000 - 0x00007fffb563c000 	C:\windows\System32\powrprof.dll
0x00007fffb5da0000 - 0x00007fffb5df2000 	C:\windows\System32\shlwapi.dll
0x00007fffb4c50000 - 0x00007fffb4c5f000 	C:\windows\System32\kernel.appcore.dll
0x00007fffb5a70000 - 0x00007fffb5b19000 	C:\windows\System32\shcore.dll
0x00007fffb4c00000 - 0x00007fffb4c14000 	C:\windows\System32\profapi.dll
0x00007fffa7440000 - 0x00007fffa745a000 	D:\软件\开发相关软件\Android\Android\AndroidStudio\jre\jre\bin\net.dll
0x00007fffb4450000 - 0x00007fffb44ac000 	C:\windows\system32\mswsock.dll
0x00007fffa5600000 - 0x00007fffa5611000 	D:\软件\开发相关软件\Android\Android\AndroidStudio\jre\jre\bin\nio.dll
0x00007fff961e0000 - 0x00007fff96206000 	C:\Users\Administrator\.gradle\native\29\windows-amd64\native-platform.dll
0x00007fffa8040000 - 0x00007fffa804d000 	D:\软件\开发相关软件\Android\Android\AndroidStudio\jre\jre\bin\management.dll
0x00007fffb4600000 - 0x00007fffb4617000 	C:\windows\SYSTEM32\CRYPTSP.dll
0x00007fffb4010000 - 0x00007fffb4043000 	C:\windows\system32\rsaenh.dll
0x00007fffb4b40000 - 0x00007fffb4b6b000 	C:\windows\SYSTEM32\bcrypt.dll
0x00007fffb42d0000 - 0x00007fffb42ef000 	C:\windows\SYSTEM32\USERENV.dll
0x00007fffb4620000 - 0x00007fffb462b000 	C:\windows\SYSTEM32\CRYPTBASE.dll
0x00007fffb4190000 - 0x00007fffb41c8000 	C:\windows\SYSTEM32\IPHLPAPI.DLL
0x00007fffb8410000 - 0x00007fffb8418000 	C:\windows\System32\NSI.dll
0x00007fffabf70000 - 0x00007fffabf86000 	C:\windows\SYSTEM32\dhcpcsvc6.DLL
0x00007fffabf50000 - 0x00007fffabf6a000 	C:\windows\SYSTEM32\dhcpcsvc.DLL

VM Arguments:
jvm_args: -Xmx1536m -Dfile.encoding=GBK -Duser.country=CN -Duser.language=zh -Duser.variant 
java_command: org.gradle.launcher.daemon.bootstrap.GradleDaemon 5.4.1
java_class_path (initial): C:\Users\Administrator\.gradle\wrapper\dists\gradle-5.4.1-all\3221gyojl5jsh0helicew7rwx\gradle-5.4.1\lib\gradle-launcher-5.4.1.jar
Launcher Type: SUN_STANDARD

Environment Variables:
JAVA_HOME=C:\Program Files\Java\jdk1.8.0_131\
CLASSPATH=C:\Program Files\Java\jre1.8.0_131\bin
PATH=C:\Program Files (x86)\Common Files\Oracle\Java\javapath;C:\ProgramData\Oracle\Java\javapath;C:\windows\system32;C:\windows;C:\windows\System32\Wbem;C:\windows\System32\WindowsPowerShell\v1.0\;C:\Program Files\Java\jre1.8.0_131\bin;;;D:\Gi;\cmd;D:\Git\cmd;D:\Program Files (x86)\Subversion\bin;C:\Program Files\nodejs\;C:\Users\Administrator\AppData\Local\Microsoft\WindowsApps;D:\Soft\sdk\platform-tools;C:\ProgramData\Microsoft\Windows\Start Menu\Programs\Node.js;C:\Users\Administrator\AppData\Roaming\npm
USERNAME=Administrator
OS=Windows_NT
PROCESSOR_IDENTIFIER=AMD64 Family 23 Model 17 Stepping 0, AuthenticAMD



---------------  S Y S T E M  ---------------

OS: Windows 10.0 , 64 bit Build 14393 (10.0.14393.2969)

CPU:total 4 (initial active 4) (4 cores per cpu, 1 threads per core) family 23 model 17 stepping 0, cmov, cx8, fxsr, mmx, sse, sse2, sse3, ssse3, sse4.1, sse4.2, popcnt, avx, avx2, aes, clmul, mmxext, 3dnowpref, lzcnt, sse4a, tsc, tscinvbit, tscinv, bmi1

Memory: 4k page, physical 7267424k(693164k free), swap 15131868k(5540k free)

vm_info: OpenJDK 64-Bit Server VM (25.202-b03) for windows-amd64 JRE (1.8.0_202-release-1483-b03), built by "builder" with MS VC++ 10.0 (VS2010)

time: Mon Nov 30 18:12:10 2020
timezone: 中国标准时间
elapsed time: 3503 seconds (0d 0h 58m 23s)

